2023/06/11 07:26:20 - mmengine - INFO - 
------------------------------------------------------------
System environment:
    sys.platform: linux
    Python: 3.9.16 (main, Mar  8 2023, 14:00:05) [GCC 11.2.0]
    CUDA available: True
    numpy_random_seed: 304154509
    GPU 0: NVIDIA GeForce RTX 3090
    CUDA_HOME: /usr/local/cuda-11.7
    NVCC: Cuda compilation tools, release 11.7, V11.7.64
    GCC: gcc (Ubuntu 7.5.0-3ubuntu1~18.04) 7.5.0
    PyTorch: 2.0.1+cu117
    PyTorch compiling details: PyTorch built with:
  - GCC 9.3
  - C++ Version: 201703
  - Intel(R) oneAPI Math Kernel Library Version 2022.2-Product Build 20220804 for Intel(R) 64 architecture applications
  - Intel(R) MKL-DNN v2.7.3 (Git Hash 6dbeffbae1f23cbbeae17adb7b5b13f1f37c080e)
  - OpenMP 201511 (a.k.a. OpenMP 4.5)
  - LAPACK is enabled (usually provided by MKL)
  - NNPACK is enabled
  - CPU capability usage: AVX2
  - CUDA Runtime 11.7
  - NVCC architecture flags: -gencode;arch=compute_37,code=sm_37;-gencode;arch=compute_50,code=sm_50;-gencode;arch=compute_60,code=sm_60;-gencode;arch=compute_70,code=sm_70;-gencode;arch=compute_75,code=sm_75;-gencode;arch=compute_80,code=sm_80;-gencode;arch=compute_86,code=sm_86
  - CuDNN 8.5
  - Magma 2.6.1
  - Build settings: BLAS_INFO=mkl, BUILD_TYPE=Release, CUDA_VERSION=11.7, CUDNN_VERSION=8.5.0, CXX_COMPILER=/opt/rh/devtoolset-9/root/usr/bin/c++, CXX_FLAGS= -D_GLIBCXX_USE_CXX11_ABI=0 -fabi-version=11 -Wno-deprecated -fvisibility-inlines-hidden -DUSE_PTHREADPOOL -DNDEBUG -DUSE_KINETO -DLIBKINETO_NOROCTRACER -DUSE_FBGEMM -DUSE_QNNPACK -DUSE_PYTORCH_QNNPACK -DUSE_XNNPACK -DSYMBOLICATE_MOBILE_DEBUG_HANDLE -O2 -fPIC -Wall -Wextra -Werror=return-type -Werror=non-virtual-dtor -Werror=bool-operation -Wnarrowing -Wno-missing-field-initializers -Wno-type-limits -Wno-array-bounds -Wno-unknown-pragmas -Wunused-local-typedefs -Wno-unused-parameter -Wno-unused-function -Wno-unused-result -Wno-strict-overflow -Wno-strict-aliasing -Wno-error=deprecated-declarations -Wno-stringop-overflow -Wno-psabi -Wno-error=pedantic -Wno-error=redundant-decls -Wno-error=old-style-cast -fdiagnostics-color=always -faligned-new -Wno-unused-but-set-variable -Wno-maybe-uninitialized -fno-math-errno -fno-trapping-math -Werror=format -Werror=cast-function-type -Wno-stringop-overflow, LAPACK_INFO=mkl, PERF_WITH_AVX=1, PERF_WITH_AVX2=1, PERF_WITH_AVX512=1, TORCH_DISABLE_GPU_ASSERTS=ON, TORCH_VERSION=2.0.1, USE_CUDA=ON, USE_CUDNN=ON, USE_EXCEPTION_PTR=1, USE_GFLAGS=OFF, USE_GLOG=OFF, USE_MKL=ON, USE_MKLDNN=ON, USE_MPI=OFF, USE_NCCL=1, USE_NNPACK=ON, USE_OPENMP=ON, USE_ROCM=OFF, 

    TorchVision: 0.15.2+cu117
    OpenCV: 4.7.0
    MMEngine: 0.7.3

Runtime environment:
    cudnn_benchmark: False
    mp_cfg: {'mp_start_method': 'fork', 'opencv_num_threads': 0}
    dist_cfg: {'backend': 'nccl'}
    seed: None
    Distributed launcher: none
    Distributed training: False
    GPU number: 1
------------------------------------------------------------

2023/06/11 07:26:20 - mmengine - INFO - Config:
model = dict(
    type='ImageClassifier',
    backbone=dict(
        type='ResNet',
        depth=50,
        num_stages=4,
        out_indices=(3, ),
        frozen_stages=-1,
        style='pytorch'),
    neck=dict(type='GlobalAveragePooling'),
    head=dict(
        type='LinearClsHead',
        num_classes=30,
        in_channels=2048,
        loss=dict(type='CrossEntropyLoss', loss_weight=1.0),
        topk=(1, 5)),
    init_cfg=dict(
        type='Pretrained',
        checkpoint=
        'https://download.openmmlab.com/mmclassification/v0/resnet/resnet50_8xb32_in1k_20210831-ea4938fc.pth'
    ))
dataset_type = 'CustomDataset'
data_preprocessor = dict(
    mean=[123.675, 116.28, 103.53], std=[58.395, 57.12, 57.375], to_rgb=True)
train_pipeline = [
    dict(type='LoadImageFromFile'),
    dict(type='RandomResizedCrop', scale=224),
    dict(type='RandomFlip', prob=0.5, direction='horizontal'),
    dict(type='PackInputs')
]
test_pipeline = [
    dict(type='LoadImageFromFile'),
    dict(type='ResizeEdge', scale=256, edge='short'),
    dict(type='CenterCrop', crop_size=224),
    dict(type='PackInputs')
]
train_dataloader = dict(
    pin_memory=True,
    persistent_workers=True,
    collate_fn=dict(type='default_collate'),
    batch_size=32,
    num_workers=5,
    dataset=dict(
        type='CustomDataset',
        data_root='data/training_set',
        pipeline=[
            dict(type='LoadImageFromFile'),
            dict(type='RandomResizedCrop', scale=224),
            dict(type='RandomFlip', prob=0.5, direction='horizontal'),
            dict(type='PackInputs')
        ]),
    sampler=dict(type='DefaultSampler', shuffle=True))
val_dataloader = dict(
    pin_memory=True,
    persistent_workers=True,
    collate_fn=dict(type='default_collate'),
    batch_size=32,
    num_workers=5,
    dataset=dict(
        type='CustomDataset',
        data_root='data/val_set',
        pipeline=[
            dict(type='LoadImageFromFile'),
            dict(type='ResizeEdge', scale=256, edge='short'),
            dict(type='CenterCrop', crop_size=224),
            dict(type='PackInputs')
        ]),
    sampler=dict(type='DefaultSampler', shuffle=False))
val_evaluator = dict(type='Accuracy', topk=(1, 5))
test_dataloader = dict(
    pin_memory=True,
    persistent_workers=True,
    collate_fn=dict(type='default_collate'),
    batch_size=32,
    num_workers=5,
    dataset=dict(
        type='CustomDataset',
        data_root='data/val_set',
        pipeline=[
            dict(type='LoadImageFromFile'),
            dict(type='ResizeEdge', scale=256, edge='short'),
            dict(type='CenterCrop', crop_size=224),
            dict(type='PackInputs')
        ]),
    sampler=dict(type='DefaultSampler', shuffle=False))
test_evaluator = dict(type='Accuracy', topk=(1, 5))
optim_wrapper = dict(
    optimizer=dict(type='SGD', lr=0.01, momentum=0.9, weight_decay=0.0001))
param_scheduler = dict(
    type='MultiStepLR', by_epoch=True, milestones=[30, 60, 90], gamma=0.1)
train_cfg = dict(by_epoch=True, max_epochs=10, val_interval=1)
val_cfg = dict()
test_cfg = dict()
auto_scale_lr = dict(base_batch_size=256)
default_scope = 'mmpretrain'
default_hooks = dict(
    timer=dict(type='IterTimerHook'),
    logger=dict(type='LoggerHook', interval=10),
    param_scheduler=dict(type='ParamSchedulerHook'),
    checkpoint=dict(type='CheckpointHook', interval=1),
    sampler_seed=dict(type='DistSamplerSeedHook'),
    visualization=dict(type='VisualizationHook', enable=False))
env_cfg = dict(
    cudnn_benchmark=False,
    mp_cfg=dict(mp_start_method='fork', opencv_num_threads=0),
    dist_cfg=dict(backend='nccl'))
vis_backends = [dict(type='LocalVisBackend')]
visualizer = dict(
    type='UniversalVisualizer',
    vis_backends=[dict(type='LocalVisBackend')],
    name='visualizer')
log_level = 'INFO'
load_from = None
resume = False
launcher = 'none'
work_dir = './work_dirs'

2023/06/11 07:26:23 - mmengine - INFO - Distributed training is not used, all SyncBatchNorm (SyncBN) layers in the model will be automatically reverted to BatchNormXd layers if they are used.
2023/06/11 07:26:23 - mmengine - INFO - Hooks will be executed in the following order:
before_run:
(VERY_HIGH   ) RuntimeInfoHook                    
(BELOW_NORMAL) LoggerHook                         
 -------------------- 
before_train:
(VERY_HIGH   ) RuntimeInfoHook                    
(NORMAL      ) IterTimerHook                      
(VERY_LOW    ) CheckpointHook                     
 -------------------- 
before_train_epoch:
(VERY_HIGH   ) RuntimeInfoHook                    
(NORMAL      ) IterTimerHook                      
(NORMAL      ) DistSamplerSeedHook                
 -------------------- 
before_train_iter:
(VERY_HIGH   ) RuntimeInfoHook                    
(NORMAL      ) IterTimerHook                      
 -------------------- 
after_train_iter:
(VERY_HIGH   ) RuntimeInfoHook                    
(NORMAL      ) IterTimerHook                      
(BELOW_NORMAL) LoggerHook                         
(LOW         ) ParamSchedulerHook                 
(VERY_LOW    ) CheckpointHook                     
 -------------------- 
after_train_epoch:
(NORMAL      ) IterTimerHook                      
(LOW         ) ParamSchedulerHook                 
(VERY_LOW    ) CheckpointHook                     
 -------------------- 
before_val_epoch:
(NORMAL      ) IterTimerHook                      
 -------------------- 
before_val_iter:
(NORMAL      ) IterTimerHook                      
 -------------------- 
after_val_iter:
(NORMAL      ) IterTimerHook                      
(NORMAL      ) VisualizationHook                  
(BELOW_NORMAL) LoggerHook                         
 -------------------- 
after_val_epoch:
(VERY_HIGH   ) RuntimeInfoHook                    
(NORMAL      ) IterTimerHook                      
(BELOW_NORMAL) LoggerHook                         
(LOW         ) ParamSchedulerHook                 
(VERY_LOW    ) CheckpointHook                     
 -------------------- 
after_train:
(VERY_LOW    ) CheckpointHook                     
 -------------------- 
before_test_epoch:
(NORMAL      ) IterTimerHook                      
 -------------------- 
before_test_iter:
(NORMAL      ) IterTimerHook                      
 -------------------- 
after_test_iter:
(NORMAL      ) IterTimerHook                      
(NORMAL      ) VisualizationHook                  
(BELOW_NORMAL) LoggerHook                         
 -------------------- 
after_test_epoch:
(VERY_HIGH   ) RuntimeInfoHook                    
(NORMAL      ) IterTimerHook                      
(BELOW_NORMAL) LoggerHook                         
 -------------------- 
after_run:
(BELOW_NORMAL) LoggerHook                         
 -------------------- 
2023/06/11 07:26:25 - mmengine - INFO - load model from: https://download.openmmlab.com/mmclassification/v0/resnet/resnet50_8xb32_in1k_20210831-ea4938fc.pth
2023/06/11 07:26:25 - mmengine - INFO - Loads checkpoint by http backend from path: https://download.openmmlab.com/mmclassification/v0/resnet/resnet50_8xb32_in1k_20210831-ea4938fc.pth
2023/06/11 07:26:25 - mmengine - WARNING - The model and loaded state dict do not match exactly

size mismatch for head.fc.weight: copying a param with shape torch.Size([1000, 2048]) from checkpoint, the shape in current model is torch.Size([30, 2048]).
size mismatch for head.fc.bias: copying a param with shape torch.Size([1000]) from checkpoint, the shape in current model is torch.Size([30]).
Name of parameter - Initialization information

backbone.conv1.weight - torch.Size([64, 3, 7, 7]): 
PretrainedInit: load from https://download.openmmlab.com/mmclassification/v0/resnet/resnet50_8xb32_in1k_20210831-ea4938fc.pth 

backbone.bn1.weight - torch.Size([64]): 
PretrainedInit: load from https://download.openmmlab.com/mmclassification/v0/resnet/resnet50_8xb32_in1k_20210831-ea4938fc.pth 

backbone.bn1.bias - torch.Size([64]): 
PretrainedInit: load from https://download.openmmlab.com/mmclassification/v0/resnet/resnet50_8xb32_in1k_20210831-ea4938fc.pth 

backbone.layer1.0.conv1.weight - torch.Size([64, 64, 1, 1]): 
PretrainedInit: load from https://download.openmmlab.com/mmclassification/v0/resnet/resnet50_8xb32_in1k_20210831-ea4938fc.pth 

backbone.layer1.0.bn1.weight - torch.Size([64]): 
PretrainedInit: load from https://download.openmmlab.com/mmclassification/v0/resnet/resnet50_8xb32_in1k_20210831-ea4938fc.pth 

backbone.layer1.0.bn1.bias - torch.Size([64]): 
PretrainedInit: load from https://download.openmmlab.com/mmclassification/v0/resnet/resnet50_8xb32_in1k_20210831-ea4938fc.pth 

backbone.layer1.0.conv2.weight - torch.Size([64, 64, 3, 3]): 
PretrainedInit: load from https://download.openmmlab.com/mmclassification/v0/resnet/resnet50_8xb32_in1k_20210831-ea4938fc.pth 

backbone.layer1.0.bn2.weight - torch.Size([64]): 
PretrainedInit: load from https://download.openmmlab.com/mmclassification/v0/resnet/resnet50_8xb32_in1k_20210831-ea4938fc.pth 

backbone.layer1.0.bn2.bias - torch.Size([64]): 
PretrainedInit: load from https://download.openmmlab.com/mmclassification/v0/resnet/resnet50_8xb32_in1k_20210831-ea4938fc.pth 

backbone.layer1.0.conv3.weight - torch.Size([256, 64, 1, 1]): 
PretrainedInit: load from https://download.openmmlab.com/mmclassification/v0/resnet/resnet50_8xb32_in1k_20210831-ea4938fc.pth 

backbone.layer1.0.bn3.weight - torch.Size([256]): 
PretrainedInit: load from https://download.openmmlab.com/mmclassification/v0/resnet/resnet50_8xb32_in1k_20210831-ea4938fc.pth 

backbone.layer1.0.bn3.bias - torch.Size([256]): 
PretrainedInit: load from https://download.openmmlab.com/mmclassification/v0/resnet/resnet50_8xb32_in1k_20210831-ea4938fc.pth 

backbone.layer1.0.downsample.0.weight - torch.Size([256, 64, 1, 1]): 
PretrainedInit: load from https://download.openmmlab.com/mmclassification/v0/resnet/resnet50_8xb32_in1k_20210831-ea4938fc.pth 

backbone.layer1.0.downsample.1.weight - torch.Size([256]): 
PretrainedInit: load from https://download.openmmlab.com/mmclassification/v0/resnet/resnet50_8xb32_in1k_20210831-ea4938fc.pth 

backbone.layer1.0.downsample.1.bias - torch.Size([256]): 
PretrainedInit: load from https://download.openmmlab.com/mmclassification/v0/resnet/resnet50_8xb32_in1k_20210831-ea4938fc.pth 

backbone.layer1.1.conv1.weight - torch.Size([64, 256, 1, 1]): 
PretrainedInit: load from https://download.openmmlab.com/mmclassification/v0/resnet/resnet50_8xb32_in1k_20210831-ea4938fc.pth 

backbone.layer1.1.bn1.weight - torch.Size([64]): 
PretrainedInit: load from https://download.openmmlab.com/mmclassification/v0/resnet/resnet50_8xb32_in1k_20210831-ea4938fc.pth 

backbone.layer1.1.bn1.bias - torch.Size([64]): 
PretrainedInit: load from https://download.openmmlab.com/mmclassification/v0/resnet/resnet50_8xb32_in1k_20210831-ea4938fc.pth 

backbone.layer1.1.conv2.weight - torch.Size([64, 64, 3, 3]): 
PretrainedInit: load from https://download.openmmlab.com/mmclassification/v0/resnet/resnet50_8xb32_in1k_20210831-ea4938fc.pth 

backbone.layer1.1.bn2.weight - torch.Size([64]): 
PretrainedInit: load from https://download.openmmlab.com/mmclassification/v0/resnet/resnet50_8xb32_in1k_20210831-ea4938fc.pth 

backbone.layer1.1.bn2.bias - torch.Size([64]): 
PretrainedInit: load from https://download.openmmlab.com/mmclassification/v0/resnet/resnet50_8xb32_in1k_20210831-ea4938fc.pth 

backbone.layer1.1.conv3.weight - torch.Size([256, 64, 1, 1]): 
PretrainedInit: load from https://download.openmmlab.com/mmclassification/v0/resnet/resnet50_8xb32_in1k_20210831-ea4938fc.pth 

backbone.layer1.1.bn3.weight - torch.Size([256]): 
PretrainedInit: load from https://download.openmmlab.com/mmclassification/v0/resnet/resnet50_8xb32_in1k_20210831-ea4938fc.pth 

backbone.layer1.1.bn3.bias - torch.Size([256]): 
PretrainedInit: load from https://download.openmmlab.com/mmclassification/v0/resnet/resnet50_8xb32_in1k_20210831-ea4938fc.pth 

backbone.layer1.2.conv1.weight - torch.Size([64, 256, 1, 1]): 
PretrainedInit: load from https://download.openmmlab.com/mmclassification/v0/resnet/resnet50_8xb32_in1k_20210831-ea4938fc.pth 

backbone.layer1.2.bn1.weight - torch.Size([64]): 
PretrainedInit: load from https://download.openmmlab.com/mmclassification/v0/resnet/resnet50_8xb32_in1k_20210831-ea4938fc.pth 

backbone.layer1.2.bn1.bias - torch.Size([64]): 
PretrainedInit: load from https://download.openmmlab.com/mmclassification/v0/resnet/resnet50_8xb32_in1k_20210831-ea4938fc.pth 

backbone.layer1.2.conv2.weight - torch.Size([64, 64, 3, 3]): 
PretrainedInit: load from https://download.openmmlab.com/mmclassification/v0/resnet/resnet50_8xb32_in1k_20210831-ea4938fc.pth 

backbone.layer1.2.bn2.weight - torch.Size([64]): 
PretrainedInit: load from https://download.openmmlab.com/mmclassification/v0/resnet/resnet50_8xb32_in1k_20210831-ea4938fc.pth 

backbone.layer1.2.bn2.bias - torch.Size([64]): 
PretrainedInit: load from https://download.openmmlab.com/mmclassification/v0/resnet/resnet50_8xb32_in1k_20210831-ea4938fc.pth 

backbone.layer1.2.conv3.weight - torch.Size([256, 64, 1, 1]): 
PretrainedInit: load from https://download.openmmlab.com/mmclassification/v0/resnet/resnet50_8xb32_in1k_20210831-ea4938fc.pth 

backbone.layer1.2.bn3.weight - torch.Size([256]): 
PretrainedInit: load from https://download.openmmlab.com/mmclassification/v0/resnet/resnet50_8xb32_in1k_20210831-ea4938fc.pth 

backbone.layer1.2.bn3.bias - torch.Size([256]): 
PretrainedInit: load from https://download.openmmlab.com/mmclassification/v0/resnet/resnet50_8xb32_in1k_20210831-ea4938fc.pth 

backbone.layer2.0.conv1.weight - torch.Size([128, 256, 1, 1]): 
PretrainedInit: load from https://download.openmmlab.com/mmclassification/v0/resnet/resnet50_8xb32_in1k_20210831-ea4938fc.pth 

backbone.layer2.0.bn1.weight - torch.Size([128]): 
PretrainedInit: load from https://download.openmmlab.com/mmclassification/v0/resnet/resnet50_8xb32_in1k_20210831-ea4938fc.pth 

backbone.layer2.0.bn1.bias - torch.Size([128]): 
PretrainedInit: load from https://download.openmmlab.com/mmclassification/v0/resnet/resnet50_8xb32_in1k_20210831-ea4938fc.pth 

backbone.layer2.0.conv2.weight - torch.Size([128, 128, 3, 3]): 
PretrainedInit: load from https://download.openmmlab.com/mmclassification/v0/resnet/resnet50_8xb32_in1k_20210831-ea4938fc.pth 

backbone.layer2.0.bn2.weight - torch.Size([128]): 
PretrainedInit: load from https://download.openmmlab.com/mmclassification/v0/resnet/resnet50_8xb32_in1k_20210831-ea4938fc.pth 

backbone.layer2.0.bn2.bias - torch.Size([128]): 
PretrainedInit: load from https://download.openmmlab.com/mmclassification/v0/resnet/resnet50_8xb32_in1k_20210831-ea4938fc.pth 

backbone.layer2.0.conv3.weight - torch.Size([512, 128, 1, 1]): 
PretrainedInit: load from https://download.openmmlab.com/mmclassification/v0/resnet/resnet50_8xb32_in1k_20210831-ea4938fc.pth 

backbone.layer2.0.bn3.weight - torch.Size([512]): 
PretrainedInit: load from https://download.openmmlab.com/mmclassification/v0/resnet/resnet50_8xb32_in1k_20210831-ea4938fc.pth 

backbone.layer2.0.bn3.bias - torch.Size([512]): 
PretrainedInit: load from https://download.openmmlab.com/mmclassification/v0/resnet/resnet50_8xb32_in1k_20210831-ea4938fc.pth 

backbone.layer2.0.downsample.0.weight - torch.Size([512, 256, 1, 1]): 
PretrainedInit: load from https://download.openmmlab.com/mmclassification/v0/resnet/resnet50_8xb32_in1k_20210831-ea4938fc.pth 

backbone.layer2.0.downsample.1.weight - torch.Size([512]): 
PretrainedInit: load from https://download.openmmlab.com/mmclassification/v0/resnet/resnet50_8xb32_in1k_20210831-ea4938fc.pth 

backbone.layer2.0.downsample.1.bias - torch.Size([512]): 
PretrainedInit: load from https://download.openmmlab.com/mmclassification/v0/resnet/resnet50_8xb32_in1k_20210831-ea4938fc.pth 

backbone.layer2.1.conv1.weight - torch.Size([128, 512, 1, 1]): 
PretrainedInit: load from https://download.openmmlab.com/mmclassification/v0/resnet/resnet50_8xb32_in1k_20210831-ea4938fc.pth 

backbone.layer2.1.bn1.weight - torch.Size([128]): 
PretrainedInit: load from https://download.openmmlab.com/mmclassification/v0/resnet/resnet50_8xb32_in1k_20210831-ea4938fc.pth 

backbone.layer2.1.bn1.bias - torch.Size([128]): 
PretrainedInit: load from https://download.openmmlab.com/mmclassification/v0/resnet/resnet50_8xb32_in1k_20210831-ea4938fc.pth 

backbone.layer2.1.conv2.weight - torch.Size([128, 128, 3, 3]): 
PretrainedInit: load from https://download.openmmlab.com/mmclassification/v0/resnet/resnet50_8xb32_in1k_20210831-ea4938fc.pth 

backbone.layer2.1.bn2.weight - torch.Size([128]): 
PretrainedInit: load from https://download.openmmlab.com/mmclassification/v0/resnet/resnet50_8xb32_in1k_20210831-ea4938fc.pth 

backbone.layer2.1.bn2.bias - torch.Size([128]): 
PretrainedInit: load from https://download.openmmlab.com/mmclassification/v0/resnet/resnet50_8xb32_in1k_20210831-ea4938fc.pth 

backbone.layer2.1.conv3.weight - torch.Size([512, 128, 1, 1]): 
PretrainedInit: load from https://download.openmmlab.com/mmclassification/v0/resnet/resnet50_8xb32_in1k_20210831-ea4938fc.pth 

backbone.layer2.1.bn3.weight - torch.Size([512]): 
PretrainedInit: load from https://download.openmmlab.com/mmclassification/v0/resnet/resnet50_8xb32_in1k_20210831-ea4938fc.pth 

backbone.layer2.1.bn3.bias - torch.Size([512]): 
PretrainedInit: load from https://download.openmmlab.com/mmclassification/v0/resnet/resnet50_8xb32_in1k_20210831-ea4938fc.pth 

backbone.layer2.2.conv1.weight - torch.Size([128, 512, 1, 1]): 
PretrainedInit: load from https://download.openmmlab.com/mmclassification/v0/resnet/resnet50_8xb32_in1k_20210831-ea4938fc.pth 

backbone.layer2.2.bn1.weight - torch.Size([128]): 
PretrainedInit: load from https://download.openmmlab.com/mmclassification/v0/resnet/resnet50_8xb32_in1k_20210831-ea4938fc.pth 

backbone.layer2.2.bn1.bias - torch.Size([128]): 
PretrainedInit: load from https://download.openmmlab.com/mmclassification/v0/resnet/resnet50_8xb32_in1k_20210831-ea4938fc.pth 

backbone.layer2.2.conv2.weight - torch.Size([128, 128, 3, 3]): 
PretrainedInit: load from https://download.openmmlab.com/mmclassification/v0/resnet/resnet50_8xb32_in1k_20210831-ea4938fc.pth 

backbone.layer2.2.bn2.weight - torch.Size([128]): 
PretrainedInit: load from https://download.openmmlab.com/mmclassification/v0/resnet/resnet50_8xb32_in1k_20210831-ea4938fc.pth 

backbone.layer2.2.bn2.bias - torch.Size([128]): 
PretrainedInit: load from https://download.openmmlab.com/mmclassification/v0/resnet/resnet50_8xb32_in1k_20210831-ea4938fc.pth 

backbone.layer2.2.conv3.weight - torch.Size([512, 128, 1, 1]): 
PretrainedInit: load from https://download.openmmlab.com/mmclassification/v0/resnet/resnet50_8xb32_in1k_20210831-ea4938fc.pth 

backbone.layer2.2.bn3.weight - torch.Size([512]): 
PretrainedInit: load from https://download.openmmlab.com/mmclassification/v0/resnet/resnet50_8xb32_in1k_20210831-ea4938fc.pth 

backbone.layer2.2.bn3.bias - torch.Size([512]): 
PretrainedInit: load from https://download.openmmlab.com/mmclassification/v0/resnet/resnet50_8xb32_in1k_20210831-ea4938fc.pth 

backbone.layer2.3.conv1.weight - torch.Size([128, 512, 1, 1]): 
PretrainedInit: load from https://download.openmmlab.com/mmclassification/v0/resnet/resnet50_8xb32_in1k_20210831-ea4938fc.pth 

backbone.layer2.3.bn1.weight - torch.Size([128]): 
PretrainedInit: load from https://download.openmmlab.com/mmclassification/v0/resnet/resnet50_8xb32_in1k_20210831-ea4938fc.pth 

backbone.layer2.3.bn1.bias - torch.Size([128]): 
PretrainedInit: load from https://download.openmmlab.com/mmclassification/v0/resnet/resnet50_8xb32_in1k_20210831-ea4938fc.pth 

backbone.layer2.3.conv2.weight - torch.Size([128, 128, 3, 3]): 
PretrainedInit: load from https://download.openmmlab.com/mmclassification/v0/resnet/resnet50_8xb32_in1k_20210831-ea4938fc.pth 

backbone.layer2.3.bn2.weight - torch.Size([128]): 
PretrainedInit: load from https://download.openmmlab.com/mmclassification/v0/resnet/resnet50_8xb32_in1k_20210831-ea4938fc.pth 

backbone.layer2.3.bn2.bias - torch.Size([128]): 
PretrainedInit: load from https://download.openmmlab.com/mmclassification/v0/resnet/resnet50_8xb32_in1k_20210831-ea4938fc.pth 

backbone.layer2.3.conv3.weight - torch.Size([512, 128, 1, 1]): 
PretrainedInit: load from https://download.openmmlab.com/mmclassification/v0/resnet/resnet50_8xb32_in1k_20210831-ea4938fc.pth 

backbone.layer2.3.bn3.weight - torch.Size([512]): 
PretrainedInit: load from https://download.openmmlab.com/mmclassification/v0/resnet/resnet50_8xb32_in1k_20210831-ea4938fc.pth 

backbone.layer2.3.bn3.bias - torch.Size([512]): 
PretrainedInit: load from https://download.openmmlab.com/mmclassification/v0/resnet/resnet50_8xb32_in1k_20210831-ea4938fc.pth 

backbone.layer3.0.conv1.weight - torch.Size([256, 512, 1, 1]): 
PretrainedInit: load from https://download.openmmlab.com/mmclassification/v0/resnet/resnet50_8xb32_in1k_20210831-ea4938fc.pth 

backbone.layer3.0.bn1.weight - torch.Size([256]): 
PretrainedInit: load from https://download.openmmlab.com/mmclassification/v0/resnet/resnet50_8xb32_in1k_20210831-ea4938fc.pth 

backbone.layer3.0.bn1.bias - torch.Size([256]): 
PretrainedInit: load from https://download.openmmlab.com/mmclassification/v0/resnet/resnet50_8xb32_in1k_20210831-ea4938fc.pth 

backbone.layer3.0.conv2.weight - torch.Size([256, 256, 3, 3]): 
PretrainedInit: load from https://download.openmmlab.com/mmclassification/v0/resnet/resnet50_8xb32_in1k_20210831-ea4938fc.pth 

backbone.layer3.0.bn2.weight - torch.Size([256]): 
PretrainedInit: load from https://download.openmmlab.com/mmclassification/v0/resnet/resnet50_8xb32_in1k_20210831-ea4938fc.pth 

backbone.layer3.0.bn2.bias - torch.Size([256]): 
PretrainedInit: load from https://download.openmmlab.com/mmclassification/v0/resnet/resnet50_8xb32_in1k_20210831-ea4938fc.pth 

backbone.layer3.0.conv3.weight - torch.Size([1024, 256, 1, 1]): 
PretrainedInit: load from https://download.openmmlab.com/mmclassification/v0/resnet/resnet50_8xb32_in1k_20210831-ea4938fc.pth 

backbone.layer3.0.bn3.weight - torch.Size([1024]): 
PretrainedInit: load from https://download.openmmlab.com/mmclassification/v0/resnet/resnet50_8xb32_in1k_20210831-ea4938fc.pth 

backbone.layer3.0.bn3.bias - torch.Size([1024]): 
PretrainedInit: load from https://download.openmmlab.com/mmclassification/v0/resnet/resnet50_8xb32_in1k_20210831-ea4938fc.pth 

backbone.layer3.0.downsample.0.weight - torch.Size([1024, 512, 1, 1]): 
PretrainedInit: load from https://download.openmmlab.com/mmclassification/v0/resnet/resnet50_8xb32_in1k_20210831-ea4938fc.pth 

backbone.layer3.0.downsample.1.weight - torch.Size([1024]): 
PretrainedInit: load from https://download.openmmlab.com/mmclassification/v0/resnet/resnet50_8xb32_in1k_20210831-ea4938fc.pth 

backbone.layer3.0.downsample.1.bias - torch.Size([1024]): 
PretrainedInit: load from https://download.openmmlab.com/mmclassification/v0/resnet/resnet50_8xb32_in1k_20210831-ea4938fc.pth 

backbone.layer3.1.conv1.weight - torch.Size([256, 1024, 1, 1]): 
PretrainedInit: load from https://download.openmmlab.com/mmclassification/v0/resnet/resnet50_8xb32_in1k_20210831-ea4938fc.pth 

backbone.layer3.1.bn1.weight - torch.Size([256]): 
PretrainedInit: load from https://download.openmmlab.com/mmclassification/v0/resnet/resnet50_8xb32_in1k_20210831-ea4938fc.pth 

backbone.layer3.1.bn1.bias - torch.Size([256]): 
PretrainedInit: load from https://download.openmmlab.com/mmclassification/v0/resnet/resnet50_8xb32_in1k_20210831-ea4938fc.pth 

backbone.layer3.1.conv2.weight - torch.Size([256, 256, 3, 3]): 
PretrainedInit: load from https://download.openmmlab.com/mmclassification/v0/resnet/resnet50_8xb32_in1k_20210831-ea4938fc.pth 

backbone.layer3.1.bn2.weight - torch.Size([256]): 
PretrainedInit: load from https://download.openmmlab.com/mmclassification/v0/resnet/resnet50_8xb32_in1k_20210831-ea4938fc.pth 

backbone.layer3.1.bn2.bias - torch.Size([256]): 
PretrainedInit: load from https://download.openmmlab.com/mmclassification/v0/resnet/resnet50_8xb32_in1k_20210831-ea4938fc.pth 

backbone.layer3.1.conv3.weight - torch.Size([1024, 256, 1, 1]): 
PretrainedInit: load from https://download.openmmlab.com/mmclassification/v0/resnet/resnet50_8xb32_in1k_20210831-ea4938fc.pth 

backbone.layer3.1.bn3.weight - torch.Size([1024]): 
PretrainedInit: load from https://download.openmmlab.com/mmclassification/v0/resnet/resnet50_8xb32_in1k_20210831-ea4938fc.pth 

backbone.layer3.1.bn3.bias - torch.Size([1024]): 
PretrainedInit: load from https://download.openmmlab.com/mmclassification/v0/resnet/resnet50_8xb32_in1k_20210831-ea4938fc.pth 

backbone.layer3.2.conv1.weight - torch.Size([256, 1024, 1, 1]): 
PretrainedInit: load from https://download.openmmlab.com/mmclassification/v0/resnet/resnet50_8xb32_in1k_20210831-ea4938fc.pth 

backbone.layer3.2.bn1.weight - torch.Size([256]): 
PretrainedInit: load from https://download.openmmlab.com/mmclassification/v0/resnet/resnet50_8xb32_in1k_20210831-ea4938fc.pth 

backbone.layer3.2.bn1.bias - torch.Size([256]): 
PretrainedInit: load from https://download.openmmlab.com/mmclassification/v0/resnet/resnet50_8xb32_in1k_20210831-ea4938fc.pth 

backbone.layer3.2.conv2.weight - torch.Size([256, 256, 3, 3]): 
PretrainedInit: load from https://download.openmmlab.com/mmclassification/v0/resnet/resnet50_8xb32_in1k_20210831-ea4938fc.pth 

backbone.layer3.2.bn2.weight - torch.Size([256]): 
PretrainedInit: load from https://download.openmmlab.com/mmclassification/v0/resnet/resnet50_8xb32_in1k_20210831-ea4938fc.pth 

backbone.layer3.2.bn2.bias - torch.Size([256]): 
PretrainedInit: load from https://download.openmmlab.com/mmclassification/v0/resnet/resnet50_8xb32_in1k_20210831-ea4938fc.pth 

backbone.layer3.2.conv3.weight - torch.Size([1024, 256, 1, 1]): 
PretrainedInit: load from https://download.openmmlab.com/mmclassification/v0/resnet/resnet50_8xb32_in1k_20210831-ea4938fc.pth 

backbone.layer3.2.bn3.weight - torch.Size([1024]): 
PretrainedInit: load from https://download.openmmlab.com/mmclassification/v0/resnet/resnet50_8xb32_in1k_20210831-ea4938fc.pth 

backbone.layer3.2.bn3.bias - torch.Size([1024]): 
PretrainedInit: load from https://download.openmmlab.com/mmclassification/v0/resnet/resnet50_8xb32_in1k_20210831-ea4938fc.pth 

backbone.layer3.3.conv1.weight - torch.Size([256, 1024, 1, 1]): 
PretrainedInit: load from https://download.openmmlab.com/mmclassification/v0/resnet/resnet50_8xb32_in1k_20210831-ea4938fc.pth 

backbone.layer3.3.bn1.weight - torch.Size([256]): 
PretrainedInit: load from https://download.openmmlab.com/mmclassification/v0/resnet/resnet50_8xb32_in1k_20210831-ea4938fc.pth 

backbone.layer3.3.bn1.bias - torch.Size([256]): 
PretrainedInit: load from https://download.openmmlab.com/mmclassification/v0/resnet/resnet50_8xb32_in1k_20210831-ea4938fc.pth 

backbone.layer3.3.conv2.weight - torch.Size([256, 256, 3, 3]): 
PretrainedInit: load from https://download.openmmlab.com/mmclassification/v0/resnet/resnet50_8xb32_in1k_20210831-ea4938fc.pth 

backbone.layer3.3.bn2.weight - torch.Size([256]): 
PretrainedInit: load from https://download.openmmlab.com/mmclassification/v0/resnet/resnet50_8xb32_in1k_20210831-ea4938fc.pth 

backbone.layer3.3.bn2.bias - torch.Size([256]): 
PretrainedInit: load from https://download.openmmlab.com/mmclassification/v0/resnet/resnet50_8xb32_in1k_20210831-ea4938fc.pth 

backbone.layer3.3.conv3.weight - torch.Size([1024, 256, 1, 1]): 
PretrainedInit: load from https://download.openmmlab.com/mmclassification/v0/resnet/resnet50_8xb32_in1k_20210831-ea4938fc.pth 

backbone.layer3.3.bn3.weight - torch.Size([1024]): 
PretrainedInit: load from https://download.openmmlab.com/mmclassification/v0/resnet/resnet50_8xb32_in1k_20210831-ea4938fc.pth 

backbone.layer3.3.bn3.bias - torch.Size([1024]): 
PretrainedInit: load from https://download.openmmlab.com/mmclassification/v0/resnet/resnet50_8xb32_in1k_20210831-ea4938fc.pth 

backbone.layer3.4.conv1.weight - torch.Size([256, 1024, 1, 1]): 
PretrainedInit: load from https://download.openmmlab.com/mmclassification/v0/resnet/resnet50_8xb32_in1k_20210831-ea4938fc.pth 

backbone.layer3.4.bn1.weight - torch.Size([256]): 
PretrainedInit: load from https://download.openmmlab.com/mmclassification/v0/resnet/resnet50_8xb32_in1k_20210831-ea4938fc.pth 

backbone.layer3.4.bn1.bias - torch.Size([256]): 
PretrainedInit: load from https://download.openmmlab.com/mmclassification/v0/resnet/resnet50_8xb32_in1k_20210831-ea4938fc.pth 

backbone.layer3.4.conv2.weight - torch.Size([256, 256, 3, 3]): 
PretrainedInit: load from https://download.openmmlab.com/mmclassification/v0/resnet/resnet50_8xb32_in1k_20210831-ea4938fc.pth 

backbone.layer3.4.bn2.weight - torch.Size([256]): 
PretrainedInit: load from https://download.openmmlab.com/mmclassification/v0/resnet/resnet50_8xb32_in1k_20210831-ea4938fc.pth 

backbone.layer3.4.bn2.bias - torch.Size([256]): 
PretrainedInit: load from https://download.openmmlab.com/mmclassification/v0/resnet/resnet50_8xb32_in1k_20210831-ea4938fc.pth 

backbone.layer3.4.conv3.weight - torch.Size([1024, 256, 1, 1]): 
PretrainedInit: load from https://download.openmmlab.com/mmclassification/v0/resnet/resnet50_8xb32_in1k_20210831-ea4938fc.pth 

backbone.layer3.4.bn3.weight - torch.Size([1024]): 
PretrainedInit: load from https://download.openmmlab.com/mmclassification/v0/resnet/resnet50_8xb32_in1k_20210831-ea4938fc.pth 

backbone.layer3.4.bn3.bias - torch.Size([1024]): 
PretrainedInit: load from https://download.openmmlab.com/mmclassification/v0/resnet/resnet50_8xb32_in1k_20210831-ea4938fc.pth 

backbone.layer3.5.conv1.weight - torch.Size([256, 1024, 1, 1]): 
PretrainedInit: load from https://download.openmmlab.com/mmclassification/v0/resnet/resnet50_8xb32_in1k_20210831-ea4938fc.pth 

backbone.layer3.5.bn1.weight - torch.Size([256]): 
PretrainedInit: load from https://download.openmmlab.com/mmclassification/v0/resnet/resnet50_8xb32_in1k_20210831-ea4938fc.pth 

backbone.layer3.5.bn1.bias - torch.Size([256]): 
PretrainedInit: load from https://download.openmmlab.com/mmclassification/v0/resnet/resnet50_8xb32_in1k_20210831-ea4938fc.pth 

backbone.layer3.5.conv2.weight - torch.Size([256, 256, 3, 3]): 
PretrainedInit: load from https://download.openmmlab.com/mmclassification/v0/resnet/resnet50_8xb32_in1k_20210831-ea4938fc.pth 

backbone.layer3.5.bn2.weight - torch.Size([256]): 
PretrainedInit: load from https://download.openmmlab.com/mmclassification/v0/resnet/resnet50_8xb32_in1k_20210831-ea4938fc.pth 

backbone.layer3.5.bn2.bias - torch.Size([256]): 
PretrainedInit: load from https://download.openmmlab.com/mmclassification/v0/resnet/resnet50_8xb32_in1k_20210831-ea4938fc.pth 

backbone.layer3.5.conv3.weight - torch.Size([1024, 256, 1, 1]): 
PretrainedInit: load from https://download.openmmlab.com/mmclassification/v0/resnet/resnet50_8xb32_in1k_20210831-ea4938fc.pth 

backbone.layer3.5.bn3.weight - torch.Size([1024]): 
PretrainedInit: load from https://download.openmmlab.com/mmclassification/v0/resnet/resnet50_8xb32_in1k_20210831-ea4938fc.pth 

backbone.layer3.5.bn3.bias - torch.Size([1024]): 
PretrainedInit: load from https://download.openmmlab.com/mmclassification/v0/resnet/resnet50_8xb32_in1k_20210831-ea4938fc.pth 

backbone.layer4.0.conv1.weight - torch.Size([512, 1024, 1, 1]): 
PretrainedInit: load from https://download.openmmlab.com/mmclassification/v0/resnet/resnet50_8xb32_in1k_20210831-ea4938fc.pth 

backbone.layer4.0.bn1.weight - torch.Size([512]): 
PretrainedInit: load from https://download.openmmlab.com/mmclassification/v0/resnet/resnet50_8xb32_in1k_20210831-ea4938fc.pth 

backbone.layer4.0.bn1.bias - torch.Size([512]): 
PretrainedInit: load from https://download.openmmlab.com/mmclassification/v0/resnet/resnet50_8xb32_in1k_20210831-ea4938fc.pth 

backbone.layer4.0.conv2.weight - torch.Size([512, 512, 3, 3]): 
PretrainedInit: load from https://download.openmmlab.com/mmclassification/v0/resnet/resnet50_8xb32_in1k_20210831-ea4938fc.pth 

backbone.layer4.0.bn2.weight - torch.Size([512]): 
PretrainedInit: load from https://download.openmmlab.com/mmclassification/v0/resnet/resnet50_8xb32_in1k_20210831-ea4938fc.pth 

backbone.layer4.0.bn2.bias - torch.Size([512]): 
PretrainedInit: load from https://download.openmmlab.com/mmclassification/v0/resnet/resnet50_8xb32_in1k_20210831-ea4938fc.pth 

backbone.layer4.0.conv3.weight - torch.Size([2048, 512, 1, 1]): 
PretrainedInit: load from https://download.openmmlab.com/mmclassification/v0/resnet/resnet50_8xb32_in1k_20210831-ea4938fc.pth 

backbone.layer4.0.bn3.weight - torch.Size([2048]): 
PretrainedInit: load from https://download.openmmlab.com/mmclassification/v0/resnet/resnet50_8xb32_in1k_20210831-ea4938fc.pth 

backbone.layer4.0.bn3.bias - torch.Size([2048]): 
PretrainedInit: load from https://download.openmmlab.com/mmclassification/v0/resnet/resnet50_8xb32_in1k_20210831-ea4938fc.pth 

backbone.layer4.0.downsample.0.weight - torch.Size([2048, 1024, 1, 1]): 
PretrainedInit: load from https://download.openmmlab.com/mmclassification/v0/resnet/resnet50_8xb32_in1k_20210831-ea4938fc.pth 

backbone.layer4.0.downsample.1.weight - torch.Size([2048]): 
PretrainedInit: load from https://download.openmmlab.com/mmclassification/v0/resnet/resnet50_8xb32_in1k_20210831-ea4938fc.pth 

backbone.layer4.0.downsample.1.bias - torch.Size([2048]): 
PretrainedInit: load from https://download.openmmlab.com/mmclassification/v0/resnet/resnet50_8xb32_in1k_20210831-ea4938fc.pth 

backbone.layer4.1.conv1.weight - torch.Size([512, 2048, 1, 1]): 
PretrainedInit: load from https://download.openmmlab.com/mmclassification/v0/resnet/resnet50_8xb32_in1k_20210831-ea4938fc.pth 

backbone.layer4.1.bn1.weight - torch.Size([512]): 
PretrainedInit: load from https://download.openmmlab.com/mmclassification/v0/resnet/resnet50_8xb32_in1k_20210831-ea4938fc.pth 

backbone.layer4.1.bn1.bias - torch.Size([512]): 
PretrainedInit: load from https://download.openmmlab.com/mmclassification/v0/resnet/resnet50_8xb32_in1k_20210831-ea4938fc.pth 

backbone.layer4.1.conv2.weight - torch.Size([512, 512, 3, 3]): 
PretrainedInit: load from https://download.openmmlab.com/mmclassification/v0/resnet/resnet50_8xb32_in1k_20210831-ea4938fc.pth 

backbone.layer4.1.bn2.weight - torch.Size([512]): 
PretrainedInit: load from https://download.openmmlab.com/mmclassification/v0/resnet/resnet50_8xb32_in1k_20210831-ea4938fc.pth 

backbone.layer4.1.bn2.bias - torch.Size([512]): 
PretrainedInit: load from https://download.openmmlab.com/mmclassification/v0/resnet/resnet50_8xb32_in1k_20210831-ea4938fc.pth 

backbone.layer4.1.conv3.weight - torch.Size([2048, 512, 1, 1]): 
PretrainedInit: load from https://download.openmmlab.com/mmclassification/v0/resnet/resnet50_8xb32_in1k_20210831-ea4938fc.pth 

backbone.layer4.1.bn3.weight - torch.Size([2048]): 
PretrainedInit: load from https://download.openmmlab.com/mmclassification/v0/resnet/resnet50_8xb32_in1k_20210831-ea4938fc.pth 

backbone.layer4.1.bn3.bias - torch.Size([2048]): 
PretrainedInit: load from https://download.openmmlab.com/mmclassification/v0/resnet/resnet50_8xb32_in1k_20210831-ea4938fc.pth 

backbone.layer4.2.conv1.weight - torch.Size([512, 2048, 1, 1]): 
PretrainedInit: load from https://download.openmmlab.com/mmclassification/v0/resnet/resnet50_8xb32_in1k_20210831-ea4938fc.pth 

backbone.layer4.2.bn1.weight - torch.Size([512]): 
PretrainedInit: load from https://download.openmmlab.com/mmclassification/v0/resnet/resnet50_8xb32_in1k_20210831-ea4938fc.pth 

backbone.layer4.2.bn1.bias - torch.Size([512]): 
PretrainedInit: load from https://download.openmmlab.com/mmclassification/v0/resnet/resnet50_8xb32_in1k_20210831-ea4938fc.pth 

backbone.layer4.2.conv2.weight - torch.Size([512, 512, 3, 3]): 
PretrainedInit: load from https://download.openmmlab.com/mmclassification/v0/resnet/resnet50_8xb32_in1k_20210831-ea4938fc.pth 

backbone.layer4.2.bn2.weight - torch.Size([512]): 
PretrainedInit: load from https://download.openmmlab.com/mmclassification/v0/resnet/resnet50_8xb32_in1k_20210831-ea4938fc.pth 

backbone.layer4.2.bn2.bias - torch.Size([512]): 
PretrainedInit: load from https://download.openmmlab.com/mmclassification/v0/resnet/resnet50_8xb32_in1k_20210831-ea4938fc.pth 

backbone.layer4.2.conv3.weight - torch.Size([2048, 512, 1, 1]): 
PretrainedInit: load from https://download.openmmlab.com/mmclassification/v0/resnet/resnet50_8xb32_in1k_20210831-ea4938fc.pth 

backbone.layer4.2.bn3.weight - torch.Size([2048]): 
PretrainedInit: load from https://download.openmmlab.com/mmclassification/v0/resnet/resnet50_8xb32_in1k_20210831-ea4938fc.pth 

backbone.layer4.2.bn3.bias - torch.Size([2048]): 
PretrainedInit: load from https://download.openmmlab.com/mmclassification/v0/resnet/resnet50_8xb32_in1k_20210831-ea4938fc.pth 

head.fc.weight - torch.Size([30, 2048]): 
NormalInit: mean=0, std=0.01, bias=0 

head.fc.bias - torch.Size([30]): 
NormalInit: mean=0, std=0.01, bias=0 
2023/06/11 07:26:25 - mmengine - WARNING - "FileClient" will be deprecated in future. Please use io functions in https://mmengine.readthedocs.io/en/latest/api/fileio.html#file-io
2023/06/11 07:26:25 - mmengine - WARNING - "HardDiskBackend" is the alias of "LocalBackend" and the former will be deprecated in future.
2023/06/11 07:26:25 - mmengine - INFO - Checkpoints will be saved to /home/superegg/PycharmProjects/OpenMMLab/task2_MMPretrain/work_dirs.
2023/06/11 07:26:29 - mmengine - INFO - Epoch(train)  [1][ 10/109]  lr: 1.0000e-02  eta: 0:06:30  time: 0.3612  data_time: 0.0231  memory: 2856  loss: 3.3223
2023/06/11 07:26:30 - mmengine - INFO - Epoch(train)  [1][ 20/109]  lr: 1.0000e-02  eta: 0:03:55  time: 0.0781  data_time: 0.0013  memory: 2856  loss: 2.3411
2023/06/11 07:26:30 - mmengine - INFO - Epoch(train)  [1][ 30/109]  lr: 1.0000e-02  eta: 0:03:02  time: 0.0772  data_time: 0.0011  memory: 2856  loss: 1.6352
2023/06/11 07:26:31 - mmengine - INFO - Epoch(train)  [1][ 40/109]  lr: 1.0000e-02  eta: 0:02:35  time: 0.0769  data_time: 0.0011  memory: 2856  loss: 1.1456
2023/06/11 07:26:32 - mmengine - INFO - Epoch(train)  [1][ 50/109]  lr: 1.0000e-02  eta: 0:02:20  time: 0.0807  data_time: 0.0012  memory: 2856  loss: 1.2176
2023/06/11 07:26:33 - mmengine - INFO - Epoch(train)  [1][ 60/109]  lr: 1.0000e-02  eta: 0:02:08  time: 0.0766  data_time: 0.0010  memory: 2856  loss: 1.4555
2023/06/11 07:26:33 - mmengine - INFO - Epoch(train)  [1][ 70/109]  lr: 1.0000e-02  eta: 0:02:00  time: 0.0774  data_time: 0.0012  memory: 2856  loss: 1.2592
2023/06/11 07:26:34 - mmengine - INFO - Epoch(train)  [1][ 80/109]  lr: 1.0000e-02  eta: 0:01:54  time: 0.0800  data_time: 0.0012  memory: 2856  loss: 1.6202
2023/06/11 07:26:35 - mmengine - INFO - Epoch(train)  [1][ 90/109]  lr: 1.0000e-02  eta: 0:01:50  time: 0.0841  data_time: 0.0012  memory: 2856  loss: 1.5385
2023/06/11 07:26:36 - mmengine - INFO - Epoch(train)  [1][100/109]  lr: 1.0000e-02  eta: 0:01:46  time: 0.0827  data_time: 0.0011  memory: 2856  loss: 1.5337
2023/06/11 07:26:37 - mmengine - INFO - Exp name: resnet50_fruit30_20230611_072619
2023/06/11 07:26:37 - mmengine - INFO - Saving checkpoint at 1 epochs
2023/06/11 07:26:38 - mmengine - INFO - Epoch(val)  [1][10/28]    eta: 0:00:01  time: 0.0595  data_time: 0.0232  memory: 2856  
2023/06/11 07:26:39 - mmengine - INFO - Epoch(val)  [1][20/28]    eta: 0:00:00  time: 0.0383  data_time: 0.0009  memory: 554  
2023/06/11 07:26:39 - mmengine - INFO - Epoch(val) [1][28/28]    accuracy/top1: 65.9910  accuracy/top5: 93.2432  data_time: 0.0087  time: 0.0457
2023/06/11 07:26:40 - mmengine - INFO - Epoch(train)  [2][ 10/109]  lr: 1.0000e-02  eta: 0:01:41  time: 0.0974  data_time: 0.0126  memory: 2856  loss: 1.0982
2023/06/11 07:26:41 - mmengine - INFO - Epoch(train)  [2][ 20/109]  lr: 1.0000e-02  eta: 0:01:39  time: 0.0867  data_time: 0.0011  memory: 2856  loss: 1.1563
2023/06/11 07:26:42 - mmengine - INFO - Epoch(train)  [2][ 30/109]  lr: 1.0000e-02  eta: 0:01:37  time: 0.0854  data_time: 0.0014  memory: 2856  loss: 1.1348
2023/06/11 07:26:42 - mmengine - INFO - Epoch(train)  [2][ 40/109]  lr: 1.0000e-02  eta: 0:01:34  time: 0.0819  data_time: 0.0012  memory: 2856  loss: 1.1611
2023/06/11 07:26:43 - mmengine - INFO - Epoch(train)  [2][ 50/109]  lr: 1.0000e-02  eta: 0:01:32  time: 0.0826  data_time: 0.0012  memory: 2856  loss: 1.0303
2023/06/11 07:26:44 - mmengine - INFO - Epoch(train)  [2][ 60/109]  lr: 1.0000e-02  eta: 0:01:30  time: 0.0788  data_time: 0.0012  memory: 2856  loss: 1.0665
2023/06/11 07:26:45 - mmengine - INFO - Epoch(train)  [2][ 70/109]  lr: 1.0000e-02  eta: 0:01:28  time: 0.0778  data_time: 0.0012  memory: 2856  loss: 1.1887
2023/06/11 07:26:46 - mmengine - INFO - Epoch(train)  [2][ 80/109]  lr: 1.0000e-02  eta: 0:01:26  time: 0.0766  data_time: 0.0011  memory: 2856  loss: 1.1207
2023/06/11 07:26:46 - mmengine - INFO - Epoch(train)  [2][ 90/109]  lr: 1.0000e-02  eta: 0:01:25  time: 0.0825  data_time: 0.0012  memory: 2856  loss: 0.9504
2023/06/11 07:26:47 - mmengine - INFO - Epoch(train)  [2][100/109]  lr: 1.0000e-02  eta: 0:01:23  time: 0.0777  data_time: 0.0012  memory: 2856  loss: 0.9426
2023/06/11 07:26:48 - mmengine - INFO - Exp name: resnet50_fruit30_20230611_072619
2023/06/11 07:26:48 - mmengine - INFO - Saving checkpoint at 2 epochs
2023/06/11 07:26:50 - mmengine - INFO - Epoch(val)  [2][10/28]    eta: 0:00:00  time: 0.0480  data_time: 0.0134  memory: 2856  
2023/06/11 07:26:50 - mmengine - INFO - Epoch(val)  [2][20/28]    eta: 0:00:00  time: 0.0343  data_time: 0.0008  memory: 554  
2023/06/11 07:26:50 - mmengine - INFO - Epoch(val) [2][28/28]    accuracy/top1: 74.2117  accuracy/top5: 94.4820  data_time: 0.0051  time: 0.0400
2023/06/11 07:26:51 - mmengine - INFO - Epoch(train)  [3][ 10/109]  lr: 1.0000e-02  eta: 0:01:21  time: 0.0894  data_time: 0.0132  memory: 2856  loss: 0.9227
2023/06/11 07:26:52 - mmengine - INFO - Epoch(train)  [3][ 20/109]  lr: 1.0000e-02  eta: 0:01:19  time: 0.0829  data_time: 0.0012  memory: 2856  loss: 0.8221
2023/06/11 07:26:53 - mmengine - INFO - Epoch(train)  [3][ 30/109]  lr: 1.0000e-02  eta: 0:01:18  time: 0.0774  data_time: 0.0015  memory: 2856  loss: 0.9887
2023/06/11 07:26:54 - mmengine - INFO - Epoch(train)  [3][ 40/109]  lr: 1.0000e-02  eta: 0:01:16  time: 0.0770  data_time: 0.0012  memory: 2856  loss: 0.9564
2023/06/11 07:26:54 - mmengine - INFO - Epoch(train)  [3][ 50/109]  lr: 1.0000e-02  eta: 0:01:15  time: 0.0783  data_time: 0.0013  memory: 2856  loss: 0.9066
2023/06/11 07:26:55 - mmengine - INFO - Epoch(train)  [3][ 60/109]  lr: 1.0000e-02  eta: 0:01:14  time: 0.0824  data_time: 0.0012  memory: 2856  loss: 0.7376
2023/06/11 07:26:56 - mmengine - INFO - Epoch(train)  [3][ 70/109]  lr: 1.0000e-02  eta: 0:01:12  time: 0.0777  data_time: 0.0012  memory: 2856  loss: 1.0064
2023/06/11 07:26:57 - mmengine - INFO - Epoch(train)  [3][ 80/109]  lr: 1.0000e-02  eta: 0:01:11  time: 0.0773  data_time: 0.0012  memory: 2856  loss: 1.0478
2023/06/11 07:26:58 - mmengine - INFO - Epoch(train)  [3][ 90/109]  lr: 1.0000e-02  eta: 0:01:10  time: 0.0805  data_time: 0.0012  memory: 2856  loss: 0.7861
2023/06/11 07:26:58 - mmengine - INFO - Epoch(train)  [3][100/109]  lr: 1.0000e-02  eta: 0:01:09  time: 0.0777  data_time: 0.0011  memory: 2856  loss: 0.8143
2023/06/11 07:26:59 - mmengine - INFO - Exp name: resnet50_fruit30_20230611_072619
2023/06/11 07:26:59 - mmengine - INFO - Saving checkpoint at 3 epochs
2023/06/11 07:27:01 - mmengine - INFO - Epoch(val)  [3][10/28]    eta: 0:00:00  time: 0.0429  data_time: 0.0114  memory: 2856  
2023/06/11 07:27:01 - mmengine - INFO - Epoch(val)  [3][20/28]    eta: 0:00:00  time: 0.0335  data_time: 0.0007  memory: 554  
2023/06/11 07:27:01 - mmengine - INFO - Epoch(val) [3][28/28]    accuracy/top1: 78.4910  accuracy/top5: 95.9459  data_time: 0.0043  time: 0.0360
2023/06/11 07:27:02 - mmengine - INFO - Epoch(train)  [4][ 10/109]  lr: 1.0000e-02  eta: 0:01:07  time: 0.0921  data_time: 0.0136  memory: 2856  loss: 0.7885
2023/06/11 07:27:03 - mmengine - INFO - Epoch(train)  [4][ 20/109]  lr: 1.0000e-02  eta: 0:01:06  time: 0.0788  data_time: 0.0012  memory: 2856  loss: 0.7518
2023/06/11 07:27:04 - mmengine - INFO - Epoch(train)  [4][ 30/109]  lr: 1.0000e-02  eta: 0:01:05  time: 0.0777  data_time: 0.0012  memory: 2856  loss: 0.5082
2023/06/11 07:27:04 - mmengine - INFO - Epoch(train)  [4][ 40/109]  lr: 1.0000e-02  eta: 0:01:03  time: 0.0766  data_time: 0.0011  memory: 2856  loss: 0.7660
2023/06/11 07:27:05 - mmengine - INFO - Epoch(train)  [4][ 50/109]  lr: 1.0000e-02  eta: 0:01:02  time: 0.0777  data_time: 0.0014  memory: 2856  loss: 0.7223
2023/06/11 07:27:06 - mmengine - INFO - Epoch(train)  [4][ 60/109]  lr: 1.0000e-02  eta: 0:01:01  time: 0.0775  data_time: 0.0012  memory: 2856  loss: 0.7286
2023/06/11 07:27:07 - mmengine - INFO - Epoch(train)  [4][ 70/109]  lr: 1.0000e-02  eta: 0:01:00  time: 0.0779  data_time: 0.0012  memory: 2856  loss: 0.7732
2023/06/11 07:27:08 - mmengine - INFO - Epoch(train)  [4][ 80/109]  lr: 1.0000e-02  eta: 0:00:59  time: 0.0779  data_time: 0.0012  memory: 2856  loss: 0.9220
2023/06/11 07:27:08 - mmengine - INFO - Epoch(train)  [4][ 90/109]  lr: 1.0000e-02  eta: 0:00:58  time: 0.0803  data_time: 0.0013  memory: 2856  loss: 0.7650
2023/06/11 07:27:09 - mmengine - INFO - Epoch(train)  [4][100/109]  lr: 1.0000e-02  eta: 0:00:57  time: 0.0808  data_time: 0.0011  memory: 2856  loss: 0.9000
2023/06/11 07:27:10 - mmengine - INFO - Exp name: resnet50_fruit30_20230611_072619
2023/06/11 07:27:10 - mmengine - INFO - Saving checkpoint at 4 epochs
2023/06/11 07:27:11 - mmengine - INFO - Epoch(val)  [4][10/28]    eta: 0:00:00  time: 0.0472  data_time: 0.0140  memory: 2856  
2023/06/11 07:27:12 - mmengine - INFO - Epoch(val)  [4][20/28]    eta: 0:00:00  time: 0.0349  data_time: 0.0008  memory: 554  
2023/06/11 07:27:12 - mmengine - INFO - Epoch(val) [4][28/28]    accuracy/top1: 80.9685  accuracy/top5: 96.7342  data_time: 0.0052  time: 0.0378
2023/06/11 07:27:13 - mmengine - INFO - Epoch(train)  [5][ 10/109]  lr: 1.0000e-02  eta: 0:00:56  time: 0.0920  data_time: 0.0124  memory: 2856  loss: 0.6169
2023/06/11 07:27:14 - mmengine - INFO - Epoch(train)  [5][ 20/109]  lr: 1.0000e-02  eta: 0:00:55  time: 0.0781  data_time: 0.0012  memory: 2856  loss: 0.6443
2023/06/11 07:27:14 - mmengine - INFO - Epoch(train)  [5][ 30/109]  lr: 1.0000e-02  eta: 0:00:54  time: 0.0780  data_time: 0.0012  memory: 2856  loss: 0.7639
2023/06/11 07:27:15 - mmengine - INFO - Epoch(train)  [5][ 40/109]  lr: 1.0000e-02  eta: 0:00:53  time: 0.0819  data_time: 0.0012  memory: 2856  loss: 0.6910
2023/06/11 07:27:16 - mmengine - INFO - Epoch(train)  [5][ 50/109]  lr: 1.0000e-02  eta: 0:00:52  time: 0.0854  data_time: 0.0012  memory: 2856  loss: 0.8191
2023/06/11 07:27:17 - mmengine - INFO - Epoch(train)  [5][ 60/109]  lr: 1.0000e-02  eta: 0:00:51  time: 0.0792  data_time: 0.0012  memory: 2856  loss: 0.6346
2023/06/11 07:27:18 - mmengine - INFO - Epoch(train)  [5][ 70/109]  lr: 1.0000e-02  eta: 0:00:50  time: 0.0779  data_time: 0.0013  memory: 2856  loss: 0.7506
2023/06/11 07:27:19 - mmengine - INFO - Epoch(train)  [5][ 80/109]  lr: 1.0000e-02  eta: 0:00:49  time: 0.0775  data_time: 0.0012  memory: 2856  loss: 0.6077
2023/06/11 07:27:19 - mmengine - INFO - Epoch(train)  [5][ 90/109]  lr: 1.0000e-02  eta: 0:00:48  time: 0.0778  data_time: 0.0012  memory: 2856  loss: 0.6654
2023/06/11 07:27:20 - mmengine - INFO - Epoch(train)  [5][100/109]  lr: 1.0000e-02  eta: 0:00:47  time: 0.0786  data_time: 0.0013  memory: 2856  loss: 0.6462
2023/06/11 07:27:21 - mmengine - INFO - Exp name: resnet50_fruit30_20230611_072619
2023/06/11 07:27:21 - mmengine - INFO - Saving checkpoint at 5 epochs
2023/06/11 07:27:22 - mmengine - INFO - Epoch(val)  [5][10/28]    eta: 0:00:00  time: 0.0451  data_time: 0.0116  memory: 2856  
2023/06/11 07:27:23 - mmengine - INFO - Epoch(val)  [5][20/28]    eta: 0:00:00  time: 0.0352  data_time: 0.0007  memory: 554  
2023/06/11 07:27:23 - mmengine - INFO - Epoch(val) [5][28/28]    accuracy/top1: 82.0946  accuracy/top5: 96.6216  data_time: 0.0044  time: 0.0379
2023/06/11 07:27:24 - mmengine - INFO - Epoch(train)  [6][ 10/109]  lr: 1.0000e-02  eta: 0:00:45  time: 0.0958  data_time: 0.0145  memory: 2856  loss: 0.5964
2023/06/11 07:27:25 - mmengine - INFO - Epoch(train)  [6][ 20/109]  lr: 1.0000e-02  eta: 0:00:45  time: 0.0827  data_time: 0.0012  memory: 2856  loss: 0.5266
2023/06/11 07:27:26 - mmengine - INFO - Epoch(train)  [6][ 30/109]  lr: 1.0000e-02  eta: 0:00:44  time: 0.0822  data_time: 0.0013  memory: 2856  loss: 0.4600
2023/06/11 07:27:26 - mmengine - INFO - Epoch(train)  [6][ 40/109]  lr: 1.0000e-02  eta: 0:00:43  time: 0.0823  data_time: 0.0013  memory: 2856  loss: 0.5256
2023/06/11 07:27:27 - mmengine - INFO - Epoch(train)  [6][ 50/109]  lr: 1.0000e-02  eta: 0:00:42  time: 0.0829  data_time: 0.0012  memory: 2856  loss: 0.5672
2023/06/11 07:27:28 - mmengine - INFO - Epoch(train)  [6][ 60/109]  lr: 1.0000e-02  eta: 0:00:41  time: 0.0854  data_time: 0.0012  memory: 2856  loss: 0.6844
2023/06/11 07:27:29 - mmengine - INFO - Epoch(train)  [6][ 70/109]  lr: 1.0000e-02  eta: 0:00:40  time: 0.0854  data_time: 0.0012  memory: 2856  loss: 0.6096
2023/06/11 07:27:30 - mmengine - INFO - Epoch(train)  [6][ 80/109]  lr: 1.0000e-02  eta: 0:00:39  time: 0.0907  data_time: 0.0013  memory: 2856  loss: 0.6218
2023/06/11 07:27:31 - mmengine - INFO - Epoch(train)  [6][ 90/109]  lr: 1.0000e-02  eta: 0:00:39  time: 0.0908  data_time: 0.0012  memory: 2856  loss: 0.6413
2023/06/11 07:27:32 - mmengine - INFO - Epoch(train)  [6][100/109]  lr: 1.0000e-02  eta: 0:00:38  time: 0.0862  data_time: 0.0012  memory: 2856  loss: 0.5882
2023/06/11 07:27:32 - mmengine - INFO - Exp name: resnet50_fruit30_20230611_072619
2023/06/11 07:27:32 - mmengine - INFO - Saving checkpoint at 6 epochs
2023/06/11 07:27:34 - mmengine - INFO - Epoch(val)  [6][10/28]    eta: 0:00:00  time: 0.0442  data_time: 0.0114  memory: 2856  
2023/06/11 07:27:34 - mmengine - INFO - Epoch(val)  [6][20/28]    eta: 0:00:00  time: 0.0340  data_time: 0.0009  memory: 554  
2023/06/11 07:27:34 - mmengine - INFO - Epoch(val) [6][28/28]    accuracy/top1: 81.0811  accuracy/top5: 97.6351  data_time: 0.0044  time: 0.0369
2023/06/11 07:27:35 - mmengine - INFO - Epoch(train)  [7][ 10/109]  lr: 1.0000e-02  eta: 0:00:36  time: 0.0904  data_time: 0.0119  memory: 2856  loss: 0.4961
2023/06/11 07:27:36 - mmengine - INFO - Epoch(train)  [7][ 20/109]  lr: 1.0000e-02  eta: 0:00:35  time: 0.0788  data_time: 0.0013  memory: 2856  loss: 0.5734
2023/06/11 07:27:37 - mmengine - INFO - Epoch(train)  [7][ 30/109]  lr: 1.0000e-02  eta: 0:00:34  time: 0.0785  data_time: 0.0012  memory: 2856  loss: 0.5214
2023/06/11 07:27:38 - mmengine - INFO - Epoch(train)  [7][ 40/109]  lr: 1.0000e-02  eta: 0:00:33  time: 0.0790  data_time: 0.0015  memory: 2856  loss: 0.5236
2023/06/11 07:27:38 - mmengine - INFO - Epoch(train)  [7][ 50/109]  lr: 1.0000e-02  eta: 0:00:32  time: 0.0796  data_time: 0.0013  memory: 2856  loss: 0.4580
2023/06/11 07:27:39 - mmengine - INFO - Epoch(train)  [7][ 60/109]  lr: 1.0000e-02  eta: 0:00:32  time: 0.0799  data_time: 0.0013  memory: 2856  loss: 0.4606
2023/06/11 07:27:40 - mmengine - INFO - Epoch(train)  [7][ 70/109]  lr: 1.0000e-02  eta: 0:00:31  time: 0.0793  data_time: 0.0014  memory: 2856  loss: 0.4891
2023/06/11 07:27:41 - mmengine - INFO - Epoch(train)  [7][ 80/109]  lr: 1.0000e-02  eta: 0:00:30  time: 0.0853  data_time: 0.0012  memory: 2856  loss: 0.5244
2023/06/11 07:27:42 - mmengine - INFO - Epoch(train)  [7][ 90/109]  lr: 1.0000e-02  eta: 0:00:29  time: 0.0824  data_time: 0.0014  memory: 2856  loss: 0.5918
2023/06/11 07:27:43 - mmengine - INFO - Epoch(train)  [7][100/109]  lr: 1.0000e-02  eta: 0:00:28  time: 0.0781  data_time: 0.0012  memory: 2856  loss: 0.5439
2023/06/11 07:27:43 - mmengine - INFO - Exp name: resnet50_fruit30_20230611_072619
2023/06/11 07:27:43 - mmengine - INFO - Saving checkpoint at 7 epochs
2023/06/11 07:27:45 - mmengine - INFO - Epoch(val)  [7][10/28]    eta: 0:00:00  time: 0.0451  data_time: 0.0116  memory: 2856  
2023/06/11 07:27:45 - mmengine - INFO - Epoch(val)  [7][20/28]    eta: 0:00:00  time: 0.0346  data_time: 0.0007  memory: 554  
2023/06/11 07:27:45 - mmengine - INFO - Epoch(val) [7][28/28]    accuracy/top1: 78.2658  accuracy/top5: 95.9459  data_time: 0.0044  time: 0.0375
2023/06/11 07:27:46 - mmengine - INFO - Epoch(train)  [8][ 10/109]  lr: 1.0000e-02  eta: 0:00:26  time: 0.0897  data_time: 0.0120  memory: 2856  loss: 0.3839
2023/06/11 07:27:47 - mmengine - INFO - Epoch(train)  [8][ 20/109]  lr: 1.0000e-02  eta: 0:00:26  time: 0.0794  data_time: 0.0014  memory: 2856  loss: 0.5412
2023/06/11 07:27:48 - mmengine - INFO - Epoch(train)  [8][ 30/109]  lr: 1.0000e-02  eta: 0:00:25  time: 0.0799  data_time: 0.0013  memory: 2856  loss: 0.6063
2023/06/11 07:27:49 - mmengine - INFO - Epoch(train)  [8][ 40/109]  lr: 1.0000e-02  eta: 0:00:24  time: 0.0785  data_time: 0.0012  memory: 2856  loss: 0.5198
2023/06/11 07:27:49 - mmengine - INFO - Epoch(train)  [8][ 50/109]  lr: 1.0000e-02  eta: 0:00:23  time: 0.0789  data_time: 0.0014  memory: 2856  loss: 0.5051
2023/06/11 07:27:50 - mmengine - INFO - Epoch(train)  [8][ 60/109]  lr: 1.0000e-02  eta: 0:00:22  time: 0.0858  data_time: 0.0015  memory: 2856  loss: 0.4385
2023/06/11 07:27:51 - mmengine - INFO - Epoch(train)  [8][ 70/109]  lr: 1.0000e-02  eta: 0:00:21  time: 0.0836  data_time: 0.0012  memory: 2856  loss: 0.4543
2023/06/11 07:27:52 - mmengine - INFO - Epoch(train)  [8][ 80/109]  lr: 1.0000e-02  eta: 0:00:20  time: 0.0801  data_time: 0.0013  memory: 2856  loss: 0.5018
2023/06/11 07:27:53 - mmengine - INFO - Epoch(train)  [8][ 90/109]  lr: 1.0000e-02  eta: 0:00:20  time: 0.0778  data_time: 0.0013  memory: 2856  loss: 0.5237
2023/06/11 07:27:53 - mmengine - INFO - Epoch(train)  [8][100/109]  lr: 1.0000e-02  eta: 0:00:19  time: 0.0793  data_time: 0.0012  memory: 2856  loss: 0.5609
2023/06/11 07:27:54 - mmengine - INFO - Exp name: resnet50_fruit30_20230611_072619
2023/06/11 07:27:54 - mmengine - INFO - Saving checkpoint at 8 epochs
2023/06/11 07:27:56 - mmengine - INFO - Epoch(val)  [8][10/28]    eta: 0:00:00  time: 0.0457  data_time: 0.0126  memory: 2856  
2023/06/11 07:27:56 - mmengine - INFO - Epoch(val)  [8][20/28]    eta: 0:00:00  time: 0.0355  data_time: 0.0008  memory: 554  
2023/06/11 07:27:56 - mmengine - INFO - Epoch(val) [8][28/28]    accuracy/top1: 84.1216  accuracy/top5: 97.2973  data_time: 0.0048  time: 0.0386
2023/06/11 07:27:57 - mmengine - INFO - Epoch(train)  [9][ 10/109]  lr: 1.0000e-02  eta: 0:00:17  time: 0.0914  data_time: 0.0121  memory: 2856  loss: 0.3235
2023/06/11 07:27:58 - mmengine - INFO - Epoch(train)  [9][ 20/109]  lr: 1.0000e-02  eta: 0:00:16  time: 0.0777  data_time: 0.0012  memory: 2856  loss: 0.4339
2023/06/11 07:27:59 - mmengine - INFO - Epoch(train)  [9][ 30/109]  lr: 1.0000e-02  eta: 0:00:15  time: 0.0781  data_time: 0.0011  memory: 2856  loss: 0.3657
2023/06/11 07:28:00 - mmengine - INFO - Epoch(train)  [9][ 40/109]  lr: 1.0000e-02  eta: 0:00:15  time: 0.0794  data_time: 0.0012  memory: 2856  loss: 0.3671
2023/06/11 07:28:00 - mmengine - INFO - Epoch(train)  [9][ 50/109]  lr: 1.0000e-02  eta: 0:00:14  time: 0.0804  data_time: 0.0014  memory: 2856  loss: 0.4093
2023/06/11 07:28:01 - mmengine - INFO - Epoch(train)  [9][ 60/109]  lr: 1.0000e-02  eta: 0:00:13  time: 0.0785  data_time: 0.0014  memory: 2856  loss: 0.3343
2023/06/11 07:28:02 - mmengine - INFO - Epoch(train)  [9][ 70/109]  lr: 1.0000e-02  eta: 0:00:12  time: 0.0777  data_time: 0.0011  memory: 2856  loss: 0.5229
2023/06/11 07:28:03 - mmengine - INFO - Epoch(train)  [9][ 80/109]  lr: 1.0000e-02  eta: 0:00:11  time: 0.0782  data_time: 0.0012  memory: 2856  loss: 0.4029
2023/06/11 07:28:04 - mmengine - INFO - Epoch(train)  [9][ 90/109]  lr: 1.0000e-02  eta: 0:00:10  time: 0.0778  data_time: 0.0013  memory: 2856  loss: 0.4389
2023/06/11 07:28:04 - mmengine - INFO - Epoch(train)  [9][100/109]  lr: 1.0000e-02  eta: 0:00:09  time: 0.0781  data_time: 0.0013  memory: 2856  loss: 0.3415
2023/06/11 07:28:05 - mmengine - INFO - Exp name: resnet50_fruit30_20230611_072619
2023/06/11 07:28:05 - mmengine - INFO - Saving checkpoint at 9 epochs
2023/06/11 07:28:07 - mmengine - INFO - Epoch(val)  [9][10/28]    eta: 0:00:00  time: 0.0458  data_time: 0.0131  memory: 2856  
2023/06/11 07:28:07 - mmengine - INFO - Epoch(val)  [9][20/28]    eta: 0:00:00  time: 0.0375  data_time: 0.0008  memory: 554  
2023/06/11 07:28:07 - mmengine - INFO - Epoch(val) [9][28/28]    accuracy/top1: 84.4595  accuracy/top5: 97.1847  data_time: 0.0050  time: 0.0384
2023/06/11 07:28:08 - mmengine - INFO - Epoch(train) [10][ 10/109]  lr: 1.0000e-02  eta: 0:00:08  time: 0.0927  data_time: 0.0129  memory: 2856  loss: 0.3988
2023/06/11 07:28:09 - mmengine - INFO - Exp name: resnet50_fruit30_20230611_072619
2023/06/11 07:28:09 - mmengine - INFO - Epoch(train) [10][ 20/109]  lr: 1.0000e-02  eta: 0:00:07  time: 0.0825  data_time: 0.0013  memory: 2856  loss: 0.4267
2023/06/11 07:28:10 - mmengine - INFO - Epoch(train) [10][ 30/109]  lr: 1.0000e-02  eta: 0:00:06  time: 0.0786  data_time: 0.0013  memory: 2856  loss: 0.3017
2023/06/11 07:28:11 - mmengine - INFO - Epoch(train) [10][ 40/109]  lr: 1.0000e-02  eta: 0:00:05  time: 0.0779  data_time: 0.0012  memory: 2856  loss: 0.3379
2023/06/11 07:28:11 - mmengine - INFO - Epoch(train) [10][ 50/109]  lr: 1.0000e-02  eta: 0:00:04  time: 0.0775  data_time: 0.0012  memory: 2856  loss: 0.4435
2023/06/11 07:28:12 - mmengine - INFO - Epoch(train) [10][ 60/109]  lr: 1.0000e-02  eta: 0:00:04  time: 0.0778  data_time: 0.0012  memory: 2856  loss: 0.4315
2023/06/11 07:28:13 - mmengine - INFO - Epoch(train) [10][ 70/109]  lr: 1.0000e-02  eta: 0:00:03  time: 0.0782  data_time: 0.0013  memory: 2856  loss: 0.2882
2023/06/11 07:28:14 - mmengine - INFO - Epoch(train) [10][ 80/109]  lr: 1.0000e-02  eta: 0:00:02  time: 0.0832  data_time: 0.0013  memory: 2856  loss: 0.3787
2023/06/11 07:28:14 - mmengine - INFO - Epoch(train) [10][ 90/109]  lr: 1.0000e-02  eta: 0:00:01  time: 0.0792  data_time: 0.0012  memory: 2856  loss: 0.4569
2023/06/11 07:28:15 - mmengine - INFO - Epoch(train) [10][100/109]  lr: 1.0000e-02  eta: 0:00:00  time: 0.0813  data_time: 0.0012  memory: 2856  loss: 0.2214
2023/06/11 07:28:16 - mmengine - INFO - Exp name: resnet50_fruit30_20230611_072619
2023/06/11 07:28:16 - mmengine - INFO - Saving checkpoint at 10 epochs
2023/06/11 07:28:17 - mmengine - INFO - Epoch(val) [10][10/28]    eta: 0:00:00  time: 0.0447  data_time: 0.0116  memory: 2856  
2023/06/11 07:28:18 - mmengine - INFO - Epoch(val) [10][20/28]    eta: 0:00:00  time: 0.0353  data_time: 0.0008  memory: 554  
2023/06/11 07:28:18 - mmengine - INFO - Epoch(val) [10][28/28]    accuracy/top1: 86.1487  accuracy/top5: 98.0856  data_time: 0.0044  time: 0.0377
